Depth 5


Heuristic 1 vs 2
First Move : 1
Heuristic 1 won : 8
Heuristic 2 won : 2
Draw : 0



Heuristic 1 vs 3
First Move : 1
Heuristic 1 won : 7
Heuristic 3 won : 2
Draw : 1



Heuristic 1 vs 4
First Move : 1
Heuristic 1 won : 9
Heuristic 4 won : 1
Draw : 0



Heuristic 1 vs 5
First Move : 1
Heuristic 1 won : 6
Heuristic 5 won : 4
Draw : 0



Heuristic 1 vs 6
First Move : 1
Heuristic 1 won : 7
Heuristic 6 won : 2
Draw : 1



Heuristic 1 vs 7
First Move : 1
Heuristic 1 won : 6
Heuristic 7 won : 3
Draw : 1



Heuristic 2 vs 1
First Move : 2
Heuristic 2 won : 3
Heuristic 1 won : 7
Draw : 0



Heuristic 2 vs 3
First Move : 2
Heuristic 2 won : 9
Heuristic 3 won : 1
Draw : 0



Heuristic 2 vs 4
First Move : 2
Heuristic 2 won : 3
Heuristic 4 won : 7
Draw : 0



Heuristic 2 vs 5
First Move : 2
Heuristic 2 won : 6
Heuristic 5 won : 4
Draw : 0



Heuristic 2 vs 6
First Move : 2
Heuristic 2 won : 5
Heuristic 6 won : 5
Draw : 0



Heuristic 2 vs 7
First Move : 2
Heuristic 2 won : 3
Heuristic 7 won : 7
Draw : 0



Heuristic 3 vs 1
First Move : 3
Heuristic 3 won : 4
Heuristic 1 won : 6
Draw : 0



Heuristic 3 vs 2
First Move : 3
Heuristic 3 won : 6
Heuristic 2 won : 4
Draw : 0



Heuristic 3 vs 4
First Move : 3
Heuristic 3 won : 5
Heuristic 4 won : 5
Draw : 0



Heuristic 3 vs 5
First Move : 3
Heuristic 3 won : 5
Heuristic 5 won : 5
Draw : 0



Heuristic 3 vs 6
First Move : 3
Heuristic 3 won : 6
Heuristic 6 won : 3
Draw : 1



Heuristic 3 vs 7
First Move : 3
Heuristic 3 won : 6
Heuristic 7 won : 4
Draw : 0



Heuristic 4 vs 1
First Move : 4
Heuristic 4 won : 3
Heuristic 1 won : 7
Draw : 0



Heuristic 4 vs 2
First Move : 4
Heuristic 4 won : 4
Heuristic 2 won : 6
Draw : 0



Heuristic 4 vs 3
First Move : 4
Heuristic 4 won : 3
Heuristic 3 won : 7
Draw : 0



Heuristic 4 vs 5
First Move : 4
Heuristic 4 won : 4
Heuristic 5 won : 6
Draw : 0



Heuristic 4 vs 6
First Move : 4
Heuristic 4 won : 4
Heuristic 6 won : 6
Draw : 0



Heuristic 4 vs 7
First Move : 4
Heuristic 4 won : 7
Heuristic 7 won : 3
Draw : 0



Heuristic 5 vs 1
First Move : 5
Heuristic 5 won : 5
Heuristic 1 won : 4
Draw : 1



Heuristic 5 vs 2
First Move : 5
Heuristic 5 won : 6
Heuristic 2 won : 4
Draw : 0



Heuristic 5 vs 3
First Move : 5
Heuristic 5 won : 7
Heuristic 3 won : 3
Draw : 0



Heuristic 5 vs 4
First Move : 5
Heuristic 5 won : 7
Heuristic 4 won : 2
Draw : 1



Heuristic 5 vs 6
First Move : 5
Heuristic 5 won : 8
Heuristic 6 won : 1
Draw : 1



Heuristic 5 vs 7
First Move : 5
Heuristic 5 won : 5
Heuristic 7 won : 4
Draw : 1



Heuristic 6 vs 1
First Move : 6
Heuristic 6 won : 4
Heuristic 1 won : 6
Draw : 0



Heuristic 6 vs 2
First Move : 6
Heuristic 6 won : 7
Heuristic 2 won : 2
Draw : 1



Heuristic 6 vs 3
First Move : 6
Heuristic 6 won : 8
Heuristic 3 won : 2
Draw : 0



Heuristic 6 vs 4
First Move : 6
Heuristic 6 won : 5
Heuristic 4 won : 4
Draw : 1



Heuristic 6 vs 5
First Move : 6
Heuristic 6 won : 7
Heuristic 5 won : 3
Draw : 0



Heuristic 6 vs 7
First Move : 6
Heuristic 6 won : 8
Heuristic 7 won : 2
Draw : 0



Heuristic 7 vs 1
First Move : 7
Heuristic 7 won : 6
Heuristic 1 won : 4
Draw : 0



Heuristic 7 vs 2
First Move : 7
Heuristic 7 won : 9
Heuristic 2 won : 0
Draw : 1



Heuristic 7 vs 3
First Move : 7
Heuristic 7 won : 4
Heuristic 3 won : 5
Draw : 1



Heuristic 7 vs 4
First Move : 7
Heuristic 7 won : 5
Heuristic 4 won : 5
Draw : 0



Heuristic 7 vs 5
First Move : 7
Heuristic 7 won : 7
Heuristic 5 won : 2
Draw : 1



Heuristic 7 vs 6
First Move : 7
Heuristic 7 won : 6
Heuristic 6 won : 4
Draw : 0

Depth 6


Heuristic 1 vs 2
First Move : 1
Heuristic 1 won : 6
Heuristic 2 won : 4
Draw : 0



Heuristic 1 vs 3
First Move : 1
Heuristic 1 won : 10
Heuristic 3 won : 0
Draw : 0



Heuristic 1 vs 4
First Move : 1
Heuristic 1 won : 10
Heuristic 4 won : 0
Draw : 0



Heuristic 1 vs 5
First Move : 1
Heuristic 1 won : 7
Heuristic 5 won : 2
Draw : 1



Heuristic 1 vs 6
First Move : 1
Heuristic 1 won : 6
Heuristic 6 won : 1
Draw : 3



Heuristic 1 vs 7
First Move : 1
Heuristic 1 won : 4
Heuristic 7 won : 5
Draw : 1



Heuristic 2 vs 1
First Move : 2
Heuristic 2 won : 2
Heuristic 1 won : 8
Draw : 0



Heuristic 2 vs 3
First Move : 2
Heuristic 2 won : 6
Heuristic 3 won : 4
Draw : 0



Heuristic 2 vs 4
First Move : 2
Heuristic 2 won : 7
Heuristic 4 won : 2
Draw : 1



Heuristic 2 vs 5
First Move : 2
Heuristic 2 won : 6
Heuristic 5 won : 4
Draw : 0



Heuristic 2 vs 6
First Move : 2
Heuristic 2 won : 5
Heuristic 6 won : 5
Draw : 0



Heuristic 2 vs 7
First Move : 2
Heuristic 2 won : 4
Heuristic 7 won : 5
Draw : 1



Heuristic 3 vs 1
First Move : 3
Heuristic 3 won : 6
Heuristic 1 won : 4
Draw : 0



Heuristic 3 vs 2
First Move : 3
Heuristic 3 won : 4
Heuristic 2 won : 5
Draw : 1



Heuristic 3 vs 4
First Move : 3
Heuristic 3 won : 6
Heuristic 4 won : 2
Draw : 2



Heuristic 3 vs 5
First Move : 3
Heuristic 3 won : 3
Heuristic 5 won : 7
Draw : 0



Heuristic 3 vs 6
First Move : 3
Heuristic 3 won : 3
Heuristic 6 won : 7
Draw : 0



Heuristic 3 vs 7
First Move : 3
Heuristic 3 won : 4
Heuristic 7 won : 5
Draw : 1



Heuristic 4 vs 1
First Move : 4
Heuristic 4 won : 4
Heuristic 1 won : 4
Draw : 2



Heuristic 4 vs 2
First Move : 4
Heuristic 4 won : 6
Heuristic 2 won : 4
Draw : 0



Heuristic 4 vs 3
First Move : 4
Heuristic 4 won : 5
Heuristic 3 won : 4
Draw : 1



Heuristic 4 vs 5
First Move : 4
Heuristic 4 won : 8
Heuristic 5 won : 2
Draw : 0



Heuristic 4 vs 6
First Move : 4
Heuristic 4 won : 6
Heuristic 6 won : 3
Draw : 1



Heuristic 4 vs 7
First Move : 4
Heuristic 4 won : 5
Heuristic 7 won : 5
Draw : 0



Heuristic 5 vs 1
First Move : 5
Heuristic 5 won : 7
Heuristic 1 won : 2
Draw : 1



Heuristic 5 vs 2
First Move : 5
Heuristic 5 won : 7
Heuristic 2 won : 2
Draw : 1



Heuristic 5 vs 3
First Move : 5
Heuristic 5 won : 8
Heuristic 3 won : 2
Draw : 0



Heuristic 5 vs 4
First Move : 5
Heuristic 5 won : 7
Heuristic 4 won : 2
Draw : 1



Heuristic 5 vs 6
First Move : 5
Heuristic 5 won : 6
Heuristic 6 won : 4
Draw : 0



Heuristic 5 vs 7
First Move : 5
Heuristic 5 won : 7
Heuristic 7 won : 2
Draw : 1



Heuristic 6 vs 1
First Move : 6
Heuristic 6 won : 5
Heuristic 1 won : 5
Draw : 0



Heuristic 6 vs 2
First Move : 6
Heuristic 6 won : 6
Heuristic 2 won : 3
Draw : 1



Heuristic 6 vs 3
First Move : 6
Heuristic 6 won : 6
Heuristic 3 won : 4
Draw : 0



Heuristic 6 vs 4
First Move : 6
Heuristic 6 won : 5
Heuristic 4 won : 5
Draw : 0



Heuristic 6 vs 5
First Move : 6
Heuristic 6 won : 2
Heuristic 5 won : 7
Draw : 1



Heuristic 6 vs 7
First Move : 6
Heuristic 6 won : 10
Heuristic 7 won : 0
Draw : 0



Heuristic 7 vs 1
First Move : 7
Heuristic 7 won : 6
Heuristic 1 won : 4
Draw : 0



Heuristic 7 vs 2
First Move : 7
Heuristic 7 won : 6
Heuristic 2 won : 4
Draw : 0



Heuristic 7 vs 3
First Move : 7
Heuristic 7 won : 6
Heuristic 3 won : 4
Draw : 0



Heuristic 7 vs 4
First Move : 7
Heuristic 7 won : 3
Heuristic 4 won : 7
Draw : 0



Heuristic 7 vs 5
First Move : 7
Heuristic 7 won : 6
Heuristic 5 won : 4
Draw : 0



Heuristic 7 vs 6
First Move : 7
Heuristic 7 won : 4
Heuristic 6 won : 6
Draw : 0

Depth 7


Heuristic 1 vs 2
First Move : 1
Heuristic 1 won : 9
Heuristic 2 won : 0
Draw : 1



Heuristic 1 vs 3
First Move : 1
Heuristic 1 won : 7
Heuristic 3 won : 1
Draw : 2



Heuristic 1 vs 4
First Move : 1
Heuristic 1 won : 7
Heuristic 4 won : 0
Draw : 3



Heuristic 1 vs 5
First Move : 1
Heuristic 1 won : 8
Heuristic 5 won : 2
Draw : 0



Heuristic 1 vs 6
First Move : 1
Heuristic 1 won : 8
Heuristic 6 won : 2
Draw : 0



Heuristic 1 vs 7
First Move : 1
Heuristic 1 won : 3
Heuristic 7 won : 7
Draw : 0



Heuristic 2 vs 1
First Move : 2
Heuristic 2 won : 3
Heuristic 1 won : 7
Draw : 0



Heuristic 2 vs 3
First Move : 2
Heuristic 2 won : 5
Heuristic 3 won : 3
Draw : 2



Heuristic 2 vs 4
First Move : 2
Heuristic 2 won : 3
Heuristic 4 won : 6
Draw : 1



Heuristic 2 vs 5
First Move : 2
Heuristic 2 won : 2
Heuristic 5 won : 7
Draw : 1



Heuristic 2 vs 6
First Move : 2
Heuristic 2 won : 3
Heuristic 6 won : 5
Draw : 2



Heuristic 2 vs 7
First Move : 2
Heuristic 2 won : 5
Heuristic 7 won : 4
Draw : 1



Heuristic 3 vs 1
First Move : 3
Heuristic 3 won : 4
Heuristic 1 won : 5
Draw : 1



Heuristic 3 vs 2
First Move : 3
Heuristic 3 won : 3
Heuristic 2 won : 6
Draw : 1



Heuristic 3 vs 4
First Move : 3
Heuristic 3 won : 3
Heuristic 4 won : 6
Draw : 1



Heuristic 3 vs 5
First Move : 3
Heuristic 3 won : 3
Heuristic 5 won : 6
Draw : 1



Heuristic 3 vs 6
First Move : 3
Heuristic 3 won : 4
Heuristic 6 won : 6
Draw : 0



Heuristic 3 vs 7
First Move : 3
Heuristic 3 won : 6
Heuristic 7 won : 4
Draw : 0



Heuristic 4 vs 1
First Move : 4
Heuristic 4 won : 4
Heuristic 1 won : 5
Draw : 1



Heuristic 4 vs 2
First Move : 4
Heuristic 4 won : 2
Heuristic 2 won : 6
Draw : 2



Heuristic 4 vs 3
First Move : 4
Heuristic 4 won : 0
Heuristic 3 won : 8
Draw : 2



Heuristic 4 vs 5
First Move : 4
Heuristic 4 won : 5
Heuristic 5 won : 5
Draw : 0



Heuristic 4 vs 6
First Move : 4
Heuristic 4 won : 5
Heuristic 6 won : 4
Draw : 1



Heuristic 4 vs 7
First Move : 4
Heuristic 4 won : 5
Heuristic 7 won : 2
Draw : 3



Heuristic 5 vs 1
First Move : 5
Heuristic 5 won : 7
Heuristic 1 won : 2
Draw : 1



Heuristic 5 vs 2
First Move : 5
Heuristic 5 won : 5
Heuristic 2 won : 4
Draw : 1



Heuristic 5 vs 3
First Move : 5
Heuristic 5 won : 8
Heuristic 3 won : 2
Draw : 0



Heuristic 5 vs 4
First Move : 5
Heuristic 5 won : 4
Heuristic 4 won : 6
Draw : 0



Heuristic 5 vs 6
First Move : 5
Heuristic 5 won : 8
Heuristic 6 won : 1
Draw : 1



Heuristic 5 vs 7
First Move : 5
Heuristic 5 won : 5
Heuristic 7 won : 5
Draw : 0



Heuristic 6 vs 1
First Move : 6
Heuristic 6 won : 9
Heuristic 1 won : 1
Draw : 0



Heuristic 6 vs 2
First Move : 6
Heuristic 6 won : 5
Heuristic 2 won : 3
Draw : 2



Heuristic 6 vs 3
First Move : 6
Heuristic 6 won : 8
Heuristic 3 won : 2
Draw : 0



Heuristic 6 vs 4
First Move : 6
Heuristic 6 won : 4
Heuristic 4 won : 5
Draw : 1



Heuristic 6 vs 5
First Move : 6
Heuristic 6 won : 7
Heuristic 5 won : 2
Draw : 1



Heuristic 6 vs 7
First Move : 6
Heuristic 6 won : 9
Heuristic 7 won : 1
Draw : 0



Heuristic 7 vs 1
First Move : 7
Heuristic 7 won : 6
Heuristic 1 won : 3
Draw : 1



Heuristic 7 vs 2
First Move : 7
Heuristic 7 won : 4
Heuristic 2 won : 6
Draw : 0



Heuristic 7 vs 3
First Move : 7
Heuristic 7 won : 5
Heuristic 3 won : 5
Draw : 0



Heuristic 7 vs 4
First Move : 7
Heuristic 7 won : 5
Heuristic 4 won : 5
Draw : 0



Heuristic 7 vs 5
First Move : 7
Heuristic 7 won : 6
Heuristic 5 won : 4
Draw : 0



Heuristic 7 vs 6
First Move : 7
Heuristic 7 won : 1
Heuristic 6 won : 9
Draw : 0

Depth 8


Heuristic 1 vs 2
First Move : 1
Heuristic 1 won : 8
Heuristic 2 won : 1
Draw : 1



Heuristic 1 vs 3
First Move : 1
Heuristic 1 won : 8
Heuristic 3 won : 2
Draw : 0



Heuristic 1 vs 4
First Move : 1
Heuristic 1 won : 7
Heuristic 4 won : 3
Draw : 0



Heuristic 1 vs 5
First Move : 1
Heuristic 1 won : 10
Heuristic 5 won : 0
Draw : 0



Heuristic 1 vs 6
First Move : 1
Heuristic 1 won : 10
Heuristic 6 won : 0
Draw : 0



Heuristic 1 vs 7
First Move : 1
Heuristic 1 won : 9
Heuristic 7 won : 1
Draw : 0



Heuristic 2 vs 1
First Move : 2
Heuristic 2 won : 7
Heuristic 1 won : 3
Draw : 0



Heuristic 2 vs 3
First Move : 2
Heuristic 2 won : 9
Heuristic 3 won : 1
Draw : 0



Heuristic 2 vs 4
First Move : 2
Heuristic 2 won : 6
Heuristic 4 won : 4
Draw : 0



Heuristic 2 vs 5
First Move : 2
Heuristic 2 won : 9
Heuristic 5 won : 1
Draw : 0



Heuristic 2 vs 6
First Move : 2
Heuristic 2 won : 9
Heuristic 6 won : 1
Draw : 0



Heuristic 2 vs 7
First Move : 2
Heuristic 2 won : 6
Heuristic 7 won : 4
Draw : 0



Heuristic 3 vs 1
First Move : 3
Heuristic 3 won : 4
Heuristic 1 won : 5
Draw : 1



Heuristic 3 vs 2
First Move : 3
Heuristic 3 won : 5
Heuristic 2 won : 5
Draw : 0



Heuristic 3 vs 4
First Move : 3
Heuristic 3 won : 8
Heuristic 4 won : 1
Draw : 1



Heuristic 3 vs 5
First Move : 3
Heuristic 3 won : 10
Heuristic 5 won : 0
Draw : 0



Heuristic 3 vs 6
First Move : 3
Heuristic 3 won : 8
Heuristic 6 won : 2
Draw : 0



Heuristic 3 vs 7
First Move : 3
Heuristic 3 won : 9
Heuristic 7 won : 1
Draw : 0



Heuristic 4 vs 1
First Move : 4
Heuristic 4 won : 5
Heuristic 1 won : 4
Draw : 1



Heuristic 4 vs 2
First Move : 4
Heuristic 4 won : 8
Heuristic 2 won : 1
Draw : 1



Heuristic 4 vs 3
First Move : 4
Heuristic 4 won : 8
Heuristic 3 won : 2
Draw : 0



Heuristic 4 vs 5
First Move : 4
Heuristic 4 won : 7
Heuristic 5 won : 1
Draw : 2



Heuristic 4 vs 6
First Move : 4
Heuristic 4 won : 5
Heuristic 6 won : 2
Draw : 3



Heuristic 4 vs 7
First Move : 4
Heuristic 4 won : 9
Heuristic 7 won : 1
Draw : 0



Heuristic 5 vs 1
First Move : 5
Heuristic 5 won : 6
Heuristic 1 won : 4
Draw : 0



Heuristic 5 vs 2
First Move : 5
Heuristic 5 won : 6
Heuristic 2 won : 3
Draw : 1



Heuristic 5 vs 3
First Move : 5
Heuristic 5 won : 8
Heuristic 3 won : 2
Draw : 0



Heuristic 5 vs 4
First Move : 5
Heuristic 5 won : 6
Heuristic 4 won : 3
Draw : 1



Heuristic 5 vs 6
First Move : 5
Heuristic 5 won : 10
Heuristic 6 won : 0
Draw : 0



Heuristic 5 vs 7
First Move : 5
Heuristic 5 won : 9
Heuristic 7 won : 1
Draw : 0



Heuristic 6 vs 1
First Move : 6
Heuristic 6 won : 5
Heuristic 1 won : 4
Draw : 1



Heuristic 6 vs 2
First Move : 6
Heuristic 6 won : 6
Heuristic 2 won : 4
Draw : 0



Heuristic 6 vs 3
First Move : 6
Heuristic 6 won : 9
Heuristic 3 won : 1
Draw : 0



Heuristic 6 vs 4
First Move : 6
Heuristic 6 won : 10
Heuristic 4 won : 0
Draw : 0



Heuristic 6 vs 5
First Move : 6
Heuristic 6 won : 6
Heuristic 5 won : 3
Draw : 1



Heuristic 6 vs 7
First Move : 6
Heuristic 6 won : 7
Heuristic 7 won : 3
Draw : 0



Heuristic 7 vs 1
First Move : 7
Heuristic 7 won : 5
Heuristic 1 won : 5
Draw : 0



Heuristic 7 vs 2
First Move : 7
Heuristic 7 won : 7
Heuristic 2 won : 0
Draw : 3



Heuristic 7 vs 3
First Move : 7
Heuristic 7 won : 8
Heuristic 3 won : 1
Draw : 1



Heuristic 7 vs 4
First Move : 7
Heuristic 7 won : 7
Heuristic 4 won : 3
Draw : 0



Heuristic 7 vs 5
First Move : 7
Heuristic 7 won : 8
Heuristic 5 won : 2
Draw : 0



Heuristic 7 vs 6
First Move : 7
Heuristic 7 won : 6
Heuristic 6 won : 3
Draw : 1

Depth 9


Heuristic 1 vs 2
First Move : 1
Heuristic 1 won : 5
Heuristic 2 won : 3
Draw : 2



Heuristic 1 vs 3
First Move : 1
Heuristic 1 won : 6
Heuristic 3 won : 3
Draw : 1



Heuristic 1 vs 4
First Move : 1
Heuristic 1 won : 4
Heuristic 4 won : 3
Draw : 3



Heuristic 1 vs 5
First Move : 1
Heuristic 1 won : 8
Heuristic 5 won : 2
Draw : 0



Heuristic 1 vs 6
First Move : 1
Heuristic 1 won : 7
Heuristic 6 won : 2
Draw : 1



Heuristic 1 vs 7
First Move : 1
Heuristic 1 won : 4
Heuristic 7 won : 3
Draw : 3



Heuristic 2 vs 1
First Move : 2
Heuristic 2 won : 0
Heuristic 1 won : 10
Draw : 0



Heuristic 2 vs 3
First Move : 2
Heuristic 2 won : 9
Heuristic 3 won : 0
Draw : 1



Heuristic 2 vs 4
First Move : 2
Heuristic 2 won : 9
Heuristic 4 won : 1
Draw : 0



Heuristic 2 vs 5
First Move : 2
Heuristic 2 won : 8
Heuristic 5 won : 1
Draw : 1



Heuristic 2 vs 6
First Move : 2
Heuristic 2 won : 7
Heuristic 6 won : 0
Draw : 3



Heuristic 2 vs 7
First Move : 2
Heuristic 2 won : 7
Heuristic 7 won : 2
Draw : 1



Heuristic 3 vs 1
First Move : 3
Heuristic 3 won : 2
Heuristic 1 won : 8
Draw : 0



Heuristic 3 vs 2
First Move : 3
Heuristic 3 won : 9
Heuristic 2 won : 1
Draw : 0



Heuristic 3 vs 4
First Move : 3
Heuristic 3 won : 6
Heuristic 4 won : 3
Draw : 1



Heuristic 3 vs 5
First Move : 3
Heuristic 3 won : 9
Heuristic 5 won : 0
Draw : 1



Heuristic 3 vs 6
First Move : 3
Heuristic 3 won : 7
Heuristic 6 won : 0
Draw : 3



Heuristic 3 vs 7
First Move : 3
Heuristic 3 won : 7
Heuristic 7 won : 3
Draw : 0



Heuristic 4 vs 1
First Move : 4
Heuristic 4 won : 1
Heuristic 1 won : 9
Draw : 0



Heuristic 4 vs 2
First Move : 4
Heuristic 4 won : 9
Heuristic 2 won : 1
Draw : 0



Heuristic 4 vs 3
First Move : 4
Heuristic 4 won : 6
Heuristic 3 won : 3
Draw : 1



Heuristic 4 vs 5
First Move : 4
Heuristic 4 won : 10
Heuristic 5 won : 0
Draw : 0



Heuristic 4 vs 6
First Move : 4
Heuristic 4 won : 8
Heuristic 6 won : 0
Draw : 2



Heuristic 4 vs 7
First Move : 4
Heuristic 4 won : 6
Heuristic 7 won : 3
Draw : 1



Heuristic 5 vs 1
First Move : 5
Heuristic 5 won : 6
Heuristic 1 won : 4
Draw : 0



Heuristic 5 vs 2
First Move : 5
Heuristic 5 won : 7
Heuristic 2 won : 2
Draw : 1



Heuristic 5 vs 3
First Move : 5
Heuristic 5 won : 3
Heuristic 3 won : 6
Draw : 1



Heuristic 5 vs 4
First Move : 5
Heuristic 5 won : 7
Heuristic 4 won : 3
Draw : 0



Heuristic 5 vs 6
First Move : 5
Heuristic 5 won : 9
Heuristic 6 won : 1
Draw : 0



Heuristic 5 vs 7
First Move : 5
Heuristic 5 won : 6
Heuristic 7 won : 2
Draw : 2



Heuristic 6 vs 1
First Move : 6
Heuristic 6 won : 4
Heuristic 1 won : 5
Draw : 1



Heuristic 6 vs 2
First Move : 6
Heuristic 6 won : 7
Heuristic 2 won : 2
Draw : 1



Heuristic 6 vs 3
First Move : 6
Heuristic 6 won : 3
Heuristic 3 won : 6
Draw : 1



Heuristic 6 vs 4
First Move : 6
Heuristic 6 won : 5
Heuristic 4 won : 5
Draw : 0



Heuristic 6 vs 5
First Move : 6
Heuristic 6 won : 9
Heuristic 5 won : 1
Draw : 0



Heuristic 6 vs 7
First Move : 6
Heuristic 6 won : 8
Heuristic 7 won : 2
Draw : 0



Heuristic 7 vs 1
First Move : 7
Heuristic 7 won : 0
Heuristic 1 won : 10
Draw : 0



Heuristic 7 vs 2
First Move : 7
Heuristic 7 won : 4
Heuristic 2 won : 4
Draw : 2



Heuristic 7 vs 3
First Move : 7
Heuristic 7 won : 7
Heuristic 3 won : 3
Draw : 0



Heuristic 7 vs 4
First Move : 7
Heuristic 7 won : 4
Heuristic 4 won : 5
Draw : 1



Heuristic 7 vs 5
First Move : 7
Heuristic 7 won : 4
Heuristic 5 won : 5
Draw : 1



Heuristic 7 vs 6
First Move : 7
Heuristic 7 won : 6
Heuristic 6 won : 4
Draw : 0

Depth 10


Heuristic 1 vs 2
First Move : 1
Heuristic 1 won : 10
Heuristic 2 won : 0
Draw : 0



Heuristic 1 vs 3
First Move : 1
Heuristic 1 won : 10
Heuristic 3 won : 0
Draw : 0



Heuristic 1 vs 4
First Move : 1
Heuristic 1 won : 10
Heuristic 4 won : 0
Draw : 0



Heuristic 1 vs 5
First Move : 1
Heuristic 1 won : 9
Heuristic 5 won : 1
Draw : 0



Heuristic 1 vs 6
First Move : 1
Heuristic 1 won : 9
Heuristic 6 won : 0
Draw : 1



Heuristic 1 vs 7
First Move : 1
Heuristic 1 won : 7
Heuristic 7 won : 3
Draw : 0



Heuristic 2 vs 1
First Move : 2
Heuristic 2 won : 9
Heuristic 1 won : 1
Draw : 0



Heuristic 2 vs 3
First Move : 2
Heuristic 2 won : 9
Heuristic 3 won : 1
Draw : 0



Heuristic 2 vs 4
First Move : 2
Heuristic 2 won : 10
Heuristic 4 won : 0
Draw : 0



Heuristic 2 vs 5
First Move : 2
Heuristic 2 won : 8
Heuristic 5 won : 2
Draw : 0



Heuristic 2 vs 6
First Move : 2
Heuristic 2 won : 8
Heuristic 6 won : 2
Draw : 0



Heuristic 2 vs 7
First Move : 2
Heuristic 2 won : 8
Heuristic 7 won : 0
Draw : 2



Heuristic 3 vs 1
First Move : 3
Heuristic 3 won : 7
Heuristic 1 won : 2
Draw : 1



Heuristic 3 vs 2
First Move : 3
Heuristic 3 won : 9
Heuristic 2 won : 0
Draw : 1



Heuristic 3 vs 4
First Move : 3
Heuristic 3 won : 9
Heuristic 4 won : 1
Draw : 0



Heuristic 3 vs 5
First Move : 3
Heuristic 3 won : 9
Heuristic 5 won : 0
Draw : 1



Heuristic 3 vs 6
First Move : 3
Heuristic 3 won : 9
Heuristic 6 won : 0
Draw : 1



Heuristic 3 vs 7
First Move : 3
Heuristic 3 won : 9
Heuristic 7 won : 1
Draw : 0



Heuristic 4 vs 1
First Move : 4
Heuristic 4 won : 5
Heuristic 1 won : 3
Draw : 2



Heuristic 4 vs 2
First Move : 4
Heuristic 4 won : 10
Heuristic 2 won : 0
Draw : 0



Heuristic 4 vs 3
First Move : 4
Heuristic 4 won : 8
Heuristic 3 won : 1
Draw : 1



Heuristic 4 vs 5
First Move : 4
Heuristic 4 won : 8
Heuristic 5 won : 1
Draw : 1



Heuristic 4 vs 6
First Move : 4
Heuristic 4 won : 5
Heuristic 6 won : 1
Draw : 4



Heuristic 4 vs 7
First Move : 4
Heuristic 4 won : 10
Heuristic 7 won : 0
Draw : 0



Heuristic 5 vs 1
First Move : 5
Heuristic 5 won : 8
Heuristic 1 won : 1
Draw : 1



Heuristic 5 vs 2
First Move : 5
Heuristic 5 won : 10
Heuristic 2 won : 0
Draw : 0



Heuristic 5 vs 3
First Move : 5
Heuristic 5 won : 9
Heuristic 3 won : 1
Draw : 0



Heuristic 5 vs 4
First Move : 5
Heuristic 5 won : 8
Heuristic 4 won : 1
Draw : 1



Heuristic 5 vs 6
First Move : 5
Heuristic 5 won : 9
Heuristic 6 won : 1
Draw : 0



Heuristic 5 vs 7
First Move : 5
Heuristic 5 won : 9
Heuristic 7 won : 1
Draw : 0



Heuristic 6 vs 1
First Move : 6
Heuristic 6 won : 9
Heuristic 1 won : 1
Draw : 0



Heuristic 6 vs 2
First Move : 6
Heuristic 6 won : 6
Heuristic 2 won : 4
Draw : 0



Heuristic 6 vs 3
First Move : 6
Heuristic 6 won : 8
Heuristic 3 won : 2
Draw : 0



Heuristic 6 vs 4
First Move : 6
Heuristic 6 won : 8
Heuristic 4 won : 2
Draw : 0



Heuristic 6 vs 5
First Move : 6
Heuristic 6 won : 9
Heuristic 5 won : 1
Draw : 0



Heuristic 6 vs 7
First Move : 6
Heuristic 6 won : 9
Heuristic 7 won : 1
Draw : 0



Heuristic 7 vs 1
First Move : 7
Heuristic 7 won : 4
Heuristic 1 won : 3
Draw : 3



Heuristic 7 vs 2
First Move : 7
Heuristic 7 won : 8
Heuristic 2 won : 0
Draw : 2



Heuristic 7 vs 3
First Move : 7
Heuristic 7 won : 8
Heuristic 3 won : 2
Draw : 0



Heuristic 7 vs 4
First Move : 7
Heuristic 7 won : 6
Heuristic 4 won : 2
Draw : 2



Heuristic 7 vs 5
First Move : 7
Heuristic 7 won : 9
Heuristic 5 won : 1
Draw : 0



Heuristic 7 vs 6
First Move : 7
Heuristic 7 won : 5
Heuristic 6 won : 4
Draw : 1

Depth 11


Heuristic 1 vs 2
First Move : 1
Heuristic 1 won : 7
Heuristic 2 won : 3
Draw : 0



Heuristic 1 vs 3
First Move : 1
Heuristic 1 won : 9
Heuristic 3 won : 1
Draw : 0



Heuristic 1 vs 4
First Move : 1
Heuristic 1 won : 8
Heuristic 4 won : 2
Draw : 0



Heuristic 1 vs 5
First Move : 1
Heuristic 1 won : 10
Heuristic 5 won : 0
Draw : 0



Heuristic 1 vs 6
First Move : 1
Heuristic 1 won : 10
Heuristic 6 won : 0
Draw : 0



Heuristic 1 vs 7
First Move : 1
Heuristic 1 won : 10
Heuristic 7 won : 0
Draw : 0



Heuristic 2 vs 1
First Move : 2
Heuristic 2 won : 10
Heuristic 1 won : 0
Draw : 0



Heuristic 2 vs 3
First Move : 2
Heuristic 2 won : 10
Heuristic 3 won : 0
Draw : 0



Heuristic 2 vs 4
First Move : 2
Heuristic 2 won : 7
Heuristic 4 won : 1
Draw : 2



Heuristic 2 vs 5
First Move : 2
Heuristic 2 won : 10
Heuristic 5 won : 0
Draw : 0



Heuristic 2 vs 6
First Move : 2
Heuristic 2 won : 10
Heuristic 6 won : 0
Draw : 0



Heuristic 2 vs 7
First Move : 2
Heuristic 2 won : 10
Heuristic 7 won : 0
Draw : 0



Heuristic 3 vs 1
First Move : 3
Heuristic 3 won : 8
Heuristic 1 won : 1
Draw : 1



Heuristic 3 vs 2
First Move : 3
Heuristic 3 won : 9
Heuristic 2 won : 1
Draw : 0



Heuristic 3 vs 4
First Move : 3
Heuristic 3 won : 10
Heuristic 4 won : 0
Draw : 0



Heuristic 3 vs 5
First Move : 3
Heuristic 3 won : 9
Heuristic 5 won : 1
Draw : 0



Heuristic 3 vs 6
First Move : 3
Heuristic 3 won : 10
Heuristic 6 won : 0
Draw : 0



Heuristic 3 vs 7
First Move : 3
Heuristic 3 won : 10
Heuristic 7 won : 0
Draw : 0



Heuristic 4 vs 1
First Move : 4
Heuristic 4 won : 8
Heuristic 1 won : 1
Draw : 1



Heuristic 4 vs 2
First Move : 4
Heuristic 4 won : 10
Heuristic 2 won : 0
Draw : 0



Heuristic 4 vs 3
First Move : 4
Heuristic 4 won : 10
Heuristic 3 won : 0
Draw : 0



Heuristic 4 vs 5
First Move : 4
Heuristic 4 won : 8
Heuristic 5 won : 1
Draw : 1



Heuristic 4 vs 6
First Move : 4
Heuristic 4 won : 9
Heuristic 6 won : 1
Draw : 0



Heuristic 4 vs 7
First Move : 4
Heuristic 4 won : 10
Heuristic 7 won : 0
Draw : 0



Heuristic 5 vs 1
First Move : 5
Heuristic 5 won : 8
Heuristic 1 won : 0
Draw : 2



Heuristic 5 vs 2
First Move : 5
Heuristic 5 won : 8
Heuristic 2 won : 1
Draw : 1



Heuristic 5 vs 3
First Move : 5
Heuristic 5 won : 9
Heuristic 3 won : 0
Draw : 1



Heuristic 5 vs 4
First Move : 5
Heuristic 5 won : 8
Heuristic 4 won : 1
Draw : 1



Heuristic 5 vs 6
First Move : 5
Heuristic 5 won : 9
Heuristic 6 won : 1
Draw : 0



Heuristic 5 vs 7
First Move : 5
Heuristic 5 won : 10
Heuristic 7 won : 0
Draw : 0



Heuristic 6 vs 1
First Move : 6
Heuristic 6 won : 8
Heuristic 1 won : 2
Draw : 0



Heuristic 6 vs 2
First Move : 6
Heuristic 6 won : 9
Heuristic 2 won : 1
Draw : 0



Heuristic 6 vs 3
First Move : 6
Heuristic 6 won : 9
Heuristic 3 won : 1
Draw : 0



Heuristic 6 vs 4
First Move : 6
Heuristic 6 won : 9
Heuristic 4 won : 0
Draw : 1



Heuristic 6 vs 5
First Move : 6
Heuristic 6 won : 8
Heuristic 5 won : 2
Draw : 0



Heuristic 6 vs 7
First Move : 6
Heuristic 6 won : 10
Heuristic 7 won : 0
Draw : 0



Heuristic 7 vs 1
First Move : 7
Heuristic 7 won : 5
Heuristic 1 won : 4
Draw : 1



Heuristic 7 vs 2
First Move : 7
Heuristic 7 won : 8
Heuristic 2 won : 2
Draw : 0



Heuristic 7 vs 3
First Move : 7
Heuristic 7 won : 10
Heuristic 3 won : 0
Draw : 0



Heuristic 7 vs 4
First Move : 7
Heuristic 7 won : 8
Heuristic 4 won : 2
Draw : 0



Heuristic 7 vs 5
First Move : 7
Heuristic 7 won : 8
Heuristic 5 won : 1
Draw : 1



Heuristic 7 vs 6
First Move : 7
Heuristic 7 won : 8
Heuristic 6 won : 2
Draw : 0

Depth 12


Heuristic 1 vs 2
First Move : 1
Heuristic 1 won : 10
Heuristic 2 won : 0
Draw : 0



Heuristic 1 vs 3
First Move : 1
Heuristic 1 won : 10
Heuristic 3 won : 0
Draw : 0



Heuristic 1 vs 4
First Move : 1
Heuristic 1 won : 9
Heuristic 4 won : 1
Draw : 0



Heuristic 1 vs 5
First Move : 1
Heuristic 1 won : 6
Heuristic 5 won : 2
Draw : 2



Heuristic 1 vs 6
First Move : 1
Heuristic 1 won : 8
Heuristic 6 won : 2
Draw : 0



Heuristic 1 vs 7
First Move : 1
Heuristic 1 won : 8
Heuristic 7 won : 1
Draw : 1



Heuristic 2 vs 1
First Move : 2
Heuristic 2 won : 6
Heuristic 1 won : 4
Draw : 0



Heuristic 2 vs 3
First Move : 2
Heuristic 2 won : 9
Heuristic 3 won : 1
Draw : 0



Heuristic 2 vs 4
First Move : 2
Heuristic 2 won : 8
Heuristic 4 won : 1
Draw : 1



Heuristic 2 vs 5
First Move : 2
Heuristic 2 won : 10
Heuristic 5 won : 0
Draw : 0



Heuristic 2 vs 6
First Move : 2
Heuristic 2 won : 9
Heuristic 6 won : 0
Draw : 1



Heuristic 2 vs 7
First Move : 2
Heuristic 2 won : 7
Heuristic 7 won : 3
Draw : 0



Heuristic 3 vs 1
First Move : 3
Heuristic 3 won : 6
Heuristic 1 won : 4
Draw : 0



Heuristic 3 vs 2
First Move : 3
Heuristic 3 won : 10
Heuristic 2 won : 0
Draw : 0



Heuristic 3 vs 4
First Move : 3
Heuristic 3 won : 7
Heuristic 4 won : 3
Draw : 0



Heuristic 3 vs 5
First Move : 3
Heuristic 3 won : 9
Heuristic 5 won : 1
Draw : 0



Heuristic 3 vs 6
First Move : 3
Heuristic 3 won : 9
Heuristic 6 won : 1
Draw : 0



Heuristic 3 vs 7
First Move : 3
Heuristic 3 won : 10
Heuristic 7 won : 0
Draw : 0



Heuristic 4 vs 1
First Move : 4
Heuristic 4 won : 9
Heuristic 1 won : 1
Draw : 0



Heuristic 4 vs 2
First Move : 4
Heuristic 4 won : 9
Heuristic 2 won : 1
Draw : 0



Heuristic 4 vs 3
First Move : 4
Heuristic 4 won : 8
Heuristic 3 won : 1
Draw : 1



Heuristic 4 vs 5
First Move : 4
Heuristic 4 won : 9
Heuristic 5 won : 0
Draw : 1



Heuristic 4 vs 6
First Move : 4
Heuristic 4 won : 6
Heuristic 6 won : 2
Draw : 2



Heuristic 4 vs 7
First Move : 4
Heuristic 4 won : 9
Heuristic 7 won : 1
Draw : 0



Heuristic 5 vs 1
First Move : 5
Heuristic 5 won : 10
Heuristic 1 won : 0
Draw : 0



Heuristic 5 vs 2
First Move : 5
Heuristic 5 won : 9
Heuristic 2 won : 1
Draw : 0



Heuristic 5 vs 3
First Move : 5
Heuristic 5 won : 10
Heuristic 3 won : 0
Draw : 0



Heuristic 5 vs 4
First Move : 5
Heuristic 5 won : 9
Heuristic 4 won : 1
Draw : 0



Heuristic 5 vs 6
First Move : 5
Heuristic 5 won : 9
Heuristic 6 won : 1
Draw : 0



Heuristic 5 vs 7
First Move : 5
Heuristic 5 won : 10
Heuristic 7 won : 0
Draw : 0



Heuristic 6 vs 1
First Move : 6
Heuristic 6 won : 10
Heuristic 1 won : 0
Draw : 0



Heuristic 6 vs 2
First Move : 6
Heuristic 6 won : 10
Heuristic 2 won : 0
Draw : 0



Heuristic 6 vs 3
First Move : 6
Heuristic 6 won : 10
Heuristic 3 won : 0
Draw : 0



Heuristic 6 vs 4
First Move : 6
Heuristic 6 won : 10
Heuristic 4 won : 0
Draw : 0



Heuristic 6 vs 5
First Move : 6
Heuristic 6 won : 10
Heuristic 5 won : 0
Draw : 0



Heuristic 6 vs 7
First Move : 6
Heuristic 6 won : 9
Heuristic 7 won : 1
Draw : 0



Heuristic 7 vs 1
First Move : 7
Heuristic 7 won : 10
Heuristic 1 won : 0
Draw : 0



Heuristic 7 vs 2
First Move : 7
Heuristic 7 won : 8
Heuristic 2 won : 1
Draw : 1



Heuristic 7 vs 3
First Move : 7
Heuristic 7 won : 9
Heuristic 3 won : 0
Draw : 1



Heuristic 7 vs 4
First Move : 7
Heuristic 7 won : 8
Heuristic 4 won : 2
Draw : 0



Heuristic 7 vs 5
First Move : 7
Heuristic 7 won : 10
Heuristic 5 won : 0
Draw : 0



Heuristic 7 vs 6
First Move : 7
Heuristic 7 won : 10
Heuristic 6 won : 0
Draw : 0

Depth 13


Heuristic 1 vs 2
First Move : 1
Heuristic 1 won : 10
Heuristic 2 won : 0
Draw : 0



Heuristic 1 vs 3
First Move : 1
Heuristic 1 won : 10
Heuristic 3 won : 0
Draw : 0



Heuristic 1 vs 4
First Move : 1
Heuristic 1 won : 10
Heuristic 4 won : 0
Draw : 0



Heuristic 1 vs 5
First Move : 1
Heuristic 1 won : 10
Heuristic 5 won : 0
Draw : 0



Heuristic 1 vs 6
First Move : 1
Heuristic 1 won : 10
Heuristic 6 won : 0
Draw : 0



Heuristic 1 vs 7
First Move : 1
Heuristic 1 won : 10
Heuristic 7 won : 0
Draw : 0



Heuristic 2 vs 1
First Move : 2
Heuristic 2 won : 9
Heuristic 1 won : 1
Draw : 0



Heuristic 2 vs 3
First Move : 2
Heuristic 2 won : 9
Heuristic 3 won : 1
Draw : 0



Heuristic 2 vs 4
First Move : 2
Heuristic 2 won : 8
Heuristic 4 won : 0
Draw : 2



Heuristic 2 vs 5
First Move : 2
Heuristic 2 won : 7
Heuristic 5 won : 1
Draw : 2



Heuristic 2 vs 6
First Move : 2
Heuristic 2 won : 9
Heuristic 6 won : 0
Draw : 1



Heuristic 2 vs 7
First Move : 2
Heuristic 2 won : 9
Heuristic 7 won : 0
Draw : 1



Heuristic 3 vs 1
First Move : 3
Heuristic 3 won : 9
Heuristic 1 won : 1
Draw : 0



Heuristic 3 vs 2
First Move : 3
Heuristic 3 won : 10
Heuristic 2 won : 0
Draw : 0



Heuristic 3 vs 4
First Move : 3
Heuristic 3 won : 8
Heuristic 4 won : 2
Draw : 0



Heuristic 3 vs 5
First Move : 3
Heuristic 3 won : 9
Heuristic 5 won : 0
Draw : 1



Heuristic 3 vs 6
First Move : 3
Heuristic 3 won : 9
Heuristic 6 won : 1
Draw : 0



Heuristic 3 vs 7
First Move : 3
Heuristic 3 won : 9
Heuristic 7 won : 0
Draw : 1



Heuristic 4 vs 1
First Move : 4
Heuristic 4 won : 7
Heuristic 1 won : 3
Draw : 0



Heuristic 4 vs 2
First Move : 4
Heuristic 4 won : 9
Heuristic 2 won : 0
Draw : 1



Heuristic 4 vs 3
First Move : 4
Heuristic 4 won : 9
Heuristic 3 won : 1
Draw : 0



Heuristic 4 vs 5
First Move : 4
Heuristic 4 won : 10
Heuristic 5 won : 0
Draw : 0



Heuristic 4 vs 6
First Move : 4
Heuristic 4 won : 9
Heuristic 6 won : 0
Draw : 1



Heuristic 4 vs 7
First Move : 4
Heuristic 4 won : 10
Heuristic 7 won : 0
Draw : 0



Heuristic 5 vs 1
First Move : 5
Heuristic 5 won : 10
Heuristic 1 won : 0
Draw : 0



Heuristic 5 vs 2
First Move : 5
Heuristic 5 won : 10
Heuristic 2 won : 0
Draw : 0



Heuristic 5 vs 3
First Move : 5
Heuristic 5 won : 9
Heuristic 3 won : 1
Draw : 0



Heuristic 5 vs 4
First Move : 5
Heuristic 5 won : 8
Heuristic 4 won : 1
Draw : 1



Heuristic 5 vs 6
First Move : 5
Heuristic 5 won : 10
Heuristic 6 won : 0
Draw : 0



Heuristic 5 vs 7
First Move : 5
Heuristic 5 won : 9
Heuristic 7 won : 0
Draw : 1



Heuristic 6 vs 1
First Move : 6
Heuristic 6 won : 10
Heuristic 1 won : 0
Draw : 0



Heuristic 6 vs 2
First Move : 6
Heuristic 6 won : 10
Heuristic 2 won : 0
Draw : 0



Heuristic 6 vs 3
First Move : 6
Heuristic 6 won : 10
Heuristic 3 won : 0
Draw : 0



Heuristic 6 vs 4
First Move : 6
Heuristic 6 won : 10
Heuristic 4 won : 0
Draw : 0



Heuristic 6 vs 5
First Move : 6
Heuristic 6 won : 10
Heuristic 5 won : 0
Draw : 0



Heuristic 6 vs 7
First Move : 6
Heuristic 6 won : 10
Heuristic 7 won : 0
Draw : 0



Heuristic 7 vs 1
First Move : 7
Heuristic 7 won : 10
Heuristic 1 won : 0
Draw : 0



Heuristic 7 vs 2
First Move : 7
Heuristic 7 won : 9
Heuristic 2 won : 1
Draw : 0



Heuristic 7 vs 3
First Move : 7
Heuristic 7 won : 9
Heuristic 3 won : 1
Draw : 0



Heuristic 7 vs 4
First Move : 7
Heuristic 7 won : 9
Heuristic 4 won : 1
Draw : 0



Heuristic 7 vs 5
First Move : 7
Heuristic 7 won : 9
Heuristic 5 won : 1
Draw : 0



Heuristic 7 vs 6
First Move : 7
Heuristic 7 won : 8
Heuristic 6 won : 2
Draw : 0

